{"C:\\Users\\Acer\\Workspace\\React-Course\\namaste-react\\namate-dev-assignment\\src\\Components\\Header.jsx": {"path":"C:\\Users\\Acer\\Workspace\\React-Course\\namaste-react\\namate-dev-assignment\\src\\Components\\Header.jsx","statementMap":{"0":{"start":{"line":9,"column":15},"end":{"line":58,"column":1}},"1":{"start":{"line":10,"column":31},"end":{"line":10,"column":55}},"2":{"start":{"line":11,"column":19},"end":{"line":11,"column":57}},"3":{"start":{"line":11,"column":42},"end":{"line":11,"column":56}},"4":{"start":{"line":12,"column":19},"end":{"line":12,"column":32}},"5":{"start":{"line":13,"column":19},"end":{"line":13,"column":32}},"6":{"start":{"line":15,"column":23},"end":{"line":17,"column":3}},"7":{"start":{"line":16,"column":4},"end":{"line":16,"column":23}},"8":{"start":{"line":19,"column":22},"end":{"line":21,"column":3}},"9":{"start":{"line":20,"column":4},"end":{"line":20,"column":18}},"10":{"start":{"line":23,"column":2},"end":{"line":57,"column":4}}},"fnMap":{"0":{"name":"(anonymous_0)","decl":{"start":{"line":9,"column":15},"end":{"line":9,"column":16}},"loc":{"start":{"line":9,"column":21},"end":{"line":58,"column":1}},"line":9},"1":{"name":"(anonymous_1)","decl":{"start":{"line":11,"column":31},"end":{"line":11,"column":32}},"loc":{"start":{"line":11,"column":42},"end":{"line":11,"column":56}},"line":11},"2":{"name":"(anonymous_2)","decl":{"start":{"line":15,"column":23},"end":{"line":15,"column":24}},"loc":{"start":{"line":15,"column":29},"end":{"line":17,"column":3}},"line":15},"3":{"name":"(anonymous_3)","decl":{"start":{"line":19,"column":22},"end":{"line":19,"column":23}},"loc":{"start":{"line":19,"column":28},"end":{"line":21,"column":3}},"line":19}},"branchMap":{"0":{"loc":{"start":{"line":26,"column":8},"end":{"line":28,"column":55}},"type":"cond-expr","locations":[{"start":{"line":27,"column":12},"end":{"line":27,"column":57}},{"start":{"line":28,"column":12},"end":{"line":28,"column":55}}],"line":26},"1":{"loc":{"start":{"line":37,"column":11},"end":{"line":37,"column":34}},"type":"binary-expr","locations":[{"start":{"line":37,"column":11},"end":{"line":37,"column":24}},{"start":{"line":37,"column":28},"end":{"line":37,"column":34}}],"line":37},"2":{"loc":{"start":{"line":39,"column":9},"end":{"line":51,"column":9}},"type":"cond-expr","locations":[{"start":{"line":40,"column":10},"end":{"line":44,"column":16}},{"start":{"line":46,"column":10},"end":{"line":50,"column":16}}],"line":39},"3":{"loc":{"start":{"line":53,"column":11},"end":{"line":53,"column":65}},"type":"cond-expr","locations":[{"start":{"line":53,"column":31},"end":{"line":53,"column":47}},{"start":{"line":53,"column":50},"end":{"line":53,"column":65}}],"line":53}},"s":{"0":1,"1":1,"2":1,"3":1,"4":1,"5":1,"6":1,"7":0,"8":1,"9":0,"10":1},"f":{"0":1,"1":1,"2":0,"3":0},"b":{"0":[0,1],"1":[1,0],"2":[0,1],"3":[0,1]},"_coverageSchema":"1a1c01bbd47fc00a2c39e90264f33305004495a9","hash":"11dd5790c3b32b49ff025f700277fd71fb945f88"}
,"C:\\Users\\Acer\\Workspace\\React-Course\\namaste-react\\namate-dev-assignment\\src\\Contexts\\ThemeContextProvider.js": {"path":"C:\\Users\\Acer\\Workspace\\React-Course\\namaste-react\\namate-dev-assignment\\src\\Contexts\\ThemeContextProvider.js","statementMap":{"0":{"start":{"line":3,"column":28},"end":{"line":3,"column":49}},"1":{"start":{"line":5,"column":29},"end":{"line":22,"column":1}},"2":{"start":{"line":6,"column":28},"end":{"line":6,"column":44}},"3":{"start":{"line":8,"column":16},"end":{"line":8,"column":57}},"4":{"start":{"line":9,"column":26},"end":{"line":9,"column":67}},"5":{"start":{"line":11,"column":22},"end":{"line":13,"column":3}},"6":{"start":{"line":12,"column":4},"end":{"line":12,"column":51}},"7":{"start":{"line":15,"column":2},"end":{"line":18,"column":14}},"8":{"start":{"line":16,"column":4},"end":{"line":16,"column":38}},"9":{"start":{"line":17,"column":4},"end":{"line":17,"column":58}},"10":{"start":{"line":20,"column":16},"end":{"line":20,"column":36}},"11":{"start":{"line":21,"column":2},"end":{"line":21,"column":60}}},"fnMap":{"0":{"name":"(anonymous_0)","decl":{"start":{"line":5,"column":29},"end":{"line":5,"column":30}},"loc":{"start":{"line":5,"column":40},"end":{"line":22,"column":1}},"line":5},"1":{"name":"(anonymous_1)","decl":{"start":{"line":11,"column":22},"end":{"line":11,"column":23}},"loc":{"start":{"line":11,"column":28},"end":{"line":13,"column":3}},"line":11},"2":{"name":"(anonymous_2)","decl":{"start":{"line":15,"column":12},"end":{"line":15,"column":13}},"loc":{"start":{"line":15,"column":18},"end":{"line":18,"column":3}},"line":15}},"branchMap":{"0":{"loc":{"start":{"line":8,"column":16},"end":{"line":8,"column":57}},"type":"cond-expr","locations":[{"start":{"line":8,"column":36},"end":{"line":8,"column":45}},{"start":{"line":8,"column":48},"end":{"line":8,"column":57}}],"line":8},"1":{"loc":{"start":{"line":9,"column":26},"end":{"line":9,"column":67}},"type":"cond-expr","locations":[{"start":{"line":9,"column":46},"end":{"line":9,"column":55}},{"start":{"line":9,"column":58},"end":{"line":9,"column":67}}],"line":9},"2":{"loc":{"start":{"line":12,"column":13},"end":{"line":12,"column":49}},"type":"cond-expr","locations":[{"start":{"line":12,"column":33},"end":{"line":12,"column":39}},{"start":{"line":12,"column":42},"end":{"line":12,"column":49}}],"line":12}},"s":{"0":1,"1":1,"2":1,"3":1,"4":1,"5":1,"6":0,"7":1,"8":1,"9":1,"10":1,"11":1},"f":{"0":1,"1":0,"2":1},"b":{"0":[0,1],"1":[0,1],"2":[0,0]},"_coverageSchema":"1a1c01bbd47fc00a2c39e90264f33305004495a9","hash":"2a41238ebe9595de74a0a0670080a16cfe57913b"}
,"C:\\Users\\Acer\\Workspace\\React-Course\\namaste-react\\namate-dev-assignment\\src\\Redux\\store.js": {"path":"C:\\Users\\Acer\\Workspace\\React-Course\\namaste-react\\namate-dev-assignment\\src\\Redux\\store.js","statementMap":{"0":{"start":{"line":4,"column":21},"end":{"line":8,"column":2}}},"fnMap":{},"branchMap":{},"s":{"0":1},"f":{},"b":{},"_coverageSchema":"1a1c01bbd47fc00a2c39e90264f33305004495a9","hash":"a767bcff25c3329b4085d1cebae29a1f57f628cf"}
}
